# JRE version: Java(TM) SE Runtime Environment (8.0_05-b13) (build 1.8.0_05-b13)
# Java VM: Java HotSpot(TM) 64-Bit Server VM (25.5-b02 mixed mode windows-amd64 compressed oops)
Heap:
 PSYoungGen      total 110592K, used 82432K [0x00000000eab00000, 0x00000000f3800000, 0x0000000100000000)
  eden space 82432K, 100% used [0x00000000eab00000,0x00000000efb80000,0x00000000efb80000)
  from space 28160K, 0% used [0x00000000efb80000,0x00000000efb80000,0x00000000f1700000)
  to   space 28160K, 14% used [0x00000000f1c80000,0x00000000f2094518,0x00000000f3800000)
 ParOldGen       total 91648K, used 73184K [0x00000000c0000000, 0x00000000c5980000, 0x00000000eab00000)
  object space 91648K, 79% used [0x00000000c0000000,0x00000000c4778108,0x00000000c5980000)
 Metaspace       used 59683K, capacity 65228K, committed 65536K, reserved 1105920K
  class space    used 8129K, capacity 9650K, committed 9728K, reserved 1048576K
GC Heap History (10 events):
Event: 6983.667 GC heap after
Heap after GC invocations=97 (full 17):
 PSYoungGen      total 110080K, used 4353K [0x00000000eab00000, 0x00000000f2e80000, 0x0000000100000000)
  eden space 86528K, 0% used [0x00000000eab00000,0x00000000eab00000,0x00000000eff80000)
  from space 23552K, 18% used [0x00000000f1780000,0x00000000f1bc0528,0x00000000f2e80000)
  to   space 24064K, 0% used [0x00000000eff80000,0x00000000eff80000,0x00000000f1700000)
 ParOldGen       total 91648K, used 58929K [0x00000000c0000000, 0x00000000c5980000, 0x00000000eab00000)
  object space 91648K, 64% used [0x00000000c0000000,0x00000000c398c5b8,0x00000000c5980000)
 Metaspace       used 57629K, capacity 63024K, committed 63104K, reserved 1103872K
  class space    used 7846K, capacity 9282K, committed 9344K, reserved 1048576K
}
Event: 6989.312 GC heap before
{Heap before GC invocations=98 (full 17):
 PSYoungGen      total 110080K, used 90881K [0x00000000eab00000, 0x00000000f2e80000, 0x0000000100000000)
  eden space 86528K, 100% used [0x00000000eab00000,0x00000000eff80000,0x00000000eff80000)
  from space 23552K, 18% used [0x00000000f1780000,0x00000000f1bc0528,0x00000000f2e80000)
  to   space 24064K, 0% used [0x00000000eff80000,0x00000000eff80000,0x00000000f1700000)
 ParOldGen       total 91648K, used 58929K [0x00000000c0000000, 0x00000000c5980000, 0x00000000eab00000)
  object space 91648K, 64% used [0x00000000c0000000,0x00000000c398c5b8,0x00000000c5980000)
 Metaspace       used 59580K, capacity 65050K, committed 65280K, reserved 1105920K
  class space    used 8121K, capacity 9616K, committed 9728K, reserved 1048576K
Event: 6989.323 GC heap after
Heap after GC invocations=98 (full 17):
 PSYoungGen      total 110592K, used 10011K [0x00000000eab00000, 0x00000000f2e00000, 0x0000000100000000)
  eden space 86528K, 0% used [0x00000000eab00000,0x00000000eab00000,0x00000000eff80000)
  from space 24064K, 41% used [0x00000000eff80000,0x00000000f0946c78,0x00000000f1700000)
  to   space 23552K, 0% used [0x00000000f1700000,0x00000000f1700000,0x00000000f2e00000)
 ParOldGen       total 91648K, used 58937K [0x00000000c0000000, 0x00000000c5980000, 0x00000000eab00000)
  object space 91648K, 64% used [0x00000000c0000000,0x00000000c398e5b8,0x00000000c5980000)
 Metaspace       used 59580K, capacity 65050K, committed 65280K, reserved 1105920K
  class space    used 8121K, capacity 9616K, committed 9728K, reserved 1048576K
}
Event: 6990.395 GC heap before
{Heap before GC invocations=99 (full 17):
 PSYoungGen      total 110592K, used 96539K [0x00000000eab00000, 0x00000000f2e00000, 0x0000000100000000)
  eden space 86528K, 100% used [0x00000000eab00000,0x00000000eff80000,0x00000000eff80000)
  from space 24064K, 41% used [0x00000000eff80000,0x00000000f0946c78,0x00000000f1700000)
  to   space 23552K, 0% used [0x00000000f1700000,0x00000000f1700000,0x00000000f2e00000)
 ParOldGen       total 91648K, used 58937K [0x00000000c0000000, 0x00000000c5980000, 0x00000000eab00000)
  object space 91648K, 64% used [0x00000000c0000000,0x00000000c398e5b8,0x00000000c5980000)
 Metaspace       used 59594K, capacity 65050K, committed 65280K, reserved 1105920K
  class space    used 8121K, capacity 9616K, committed 9728K, reserved 1048576K
Event: 6990.425 GC heap after
Heap after GC invocations=99 (full 17):
 PSYoungGen      total 105984K, used 23521K [0x00000000eab00000, 0x00000000f3800000, 0x0000000100000000)
  eden space 82432K, 0% used [0x00000000eab00000,0x00000000eab00000,0x00000000efb80000)
  from space 23552K, 99% used [0x00000000f1700000,0x00000000f2df8660,0x00000000f2e00000)
  to   space 28160K, 0% used [0x00000000efb80000,0x00000000efb80000,0x00000000f1700000)
 ParOldGen       total 91648K, used 59361K [0x00000000c0000000, 0x00000000c5980000, 0x00000000eab00000)
  object space 91648K, 64% used [0x00000000c0000000,0x00000000c39f85b8,0x00000000c5980000)
 Metaspace       used 59594K, capacity 65050K, committed 65280K, reserved 1105920K
  class space    used 8121K, capacity 9616K, committed 9728K, reserved 1048576K
}
Event: 6997.491 GC heap before
{Heap before GC invocations=100 (full 17):
 PSYoungGen      total 105984K, used 69489K [0x00000000eab00000, 0x00000000f3800000, 0x0000000100000000)
  eden space 82432K, 55% used [0x00000000eab00000,0x00000000ed7e4010,0x00000000efb80000)
  from space 23552K, 99% used [0x00000000f1700000,0x00000000f2df8660,0x00000000f2e00000)
  to   space 28160K, 0% used [0x00000000efb80000,0x00000000efb80000,0x00000000f1700000)
 ParOldGen       total 91648K, used 59361K [0x00000000c0000000, 0x00000000c5980000, 0x00000000eab00000)
  object space 91648K, 64% used [0x00000000c0000000,0x00000000c39f85b8,0x00000000c5980000)
 Metaspace       used 59598K, capacity 65050K, committed 65280K, reserved 1105920K
  class space    used 8121K, capacity 9616K, committed 9728K, reserved 1048576K
Event: 6997.504 GC heap after
Heap after GC invocations=100 (full 17):
 PSYoungGen      total 110592K, used 14781K [0x00000000eab00000, 0x00000000f3800000, 0x0000000100000000)
  eden space 82432K, 0% used [0x00000000eab00000,0x00000000eab00000,0x00000000efb80000)
  from space 28160K, 52% used [0x00000000efb80000,0x00000000f09ef4a0,0x00000000f1700000)
  to   space 28160K, 0% used [0x00000000f1c80000,0x00000000f1c80000,0x00000000f3800000)
 ParOldGen       total 91648K, used 59361K [0x00000000c0000000, 0x00000000c5980000, 0x00000000eab00000)
  object space 91648K, 64% used [0x00000000c0000000,0x00000000c39f85b8,0x00000000c5980000)
 Metaspace       used 59598K, capacity 65050K, committed 65280K, reserved 1105920K
  class space    used 8121K, capacity 9616K, committed 9728K, reserved 1048576K
}
Event: 6997.504 GC heap before
{Heap before GC invocations=101 (full 18):
 PSYoungGen      total 110592K, used 14781K [0x00000000eab00000, 0x00000000f3800000, 0x0000000100000000)
  eden space 82432K, 0% used [0x00000000eab00000,0x00000000eab00000,0x00000000efb80000)
  from space 28160K, 52% used [0x00000000efb80000,0x00000000f09ef4a0,0x00000000f1700000)
  to   space 28160K, 0% used [0x00000000f1c80000,0x00000000f1c80000,0x00000000f3800000)
 ParOldGen       total 91648K, used 59361K [0x00000000c0000000, 0x00000000c5980000, 0x00000000eab00000)
  object space 91648K, 64% used [0x00000000c0000000,0x00000000c39f85b8,0x00000000c5980000)
 Metaspace       used 59598K, capacity 65050K, committed 65280K, reserved 1105920K
  class space    used 8121K, capacity 9616K, committed 9728K, reserved 1048576K
Event: 6998.042 GC heap after
Heap after GC invocations=101 (full 18):
 PSYoungGen      total 110592K, used 0K [0x00000000eab00000, 0x00000000f3800000, 0x0000000100000000)
  eden space 82432K, 0% used [0x00000000eab00000,0x00000000eab00000,0x00000000efb80000)
  from space 28160K, 0% used [0x00000000efb80000,0x00000000efb80000,0x00000000f1700000)
  to   space 28160K, 0% used [0x00000000f1c80000,0x00000000f1c80000,0x00000000f3800000)
 ParOldGen       total 91648K, used 73176K [0x00000000c0000000, 0x00000000c5980000, 0x00000000eab00000)
  object space 91648K, 79% used [0x00000000c0000000,0x00000000c4776108,0x00000000c5980000)
 Metaspace       used 59598K, capacity 65050K, committed 65280K, reserved 1105920K
  class space    used 8121K, capacity 9616K, committed 9728K, reserved 1048576K
}
Event: 17421.272 GC heap before
{Heap before GC invocations=102 (full 18):
 PSYoungGen      total 110592K, used 82432K [0x00000000eab00000, 0x00000000f3800000, 0x0000000100000000)
  eden space 82432K, 100% used [0x00000000eab00000,0x00000000efb80000,0x00000000efb80000)
  from space 28160K, 0% used [0x00000000efb80000,0x00000000efb80000,0x00000000f1700000)
  to   space 28160K, 0% used [0x00000000f1c80000,0x00000000f1c80000,0x00000000f3800000)
 ParOldGen       total 91648K, used 73176K [0x00000000c0000000, 0x00000000c5980000, 0x00000000eab00000)
  object space 91648K, 79% used [0x00000000c0000000,0x00000000c4776108,0x00000000c5980000)
 Metaspace       used 59683K, capacity 65228K, committed 65536K, reserved 1105920K
  class space    used 8129K, capacity 9650K, committed 9728K, reserved 1048576K

